<?xml version='1.0'?>
<ns2:test-suite xmlns:ns2='urn:model.allure.qatools.yandex.ru' start='1657468075082' stop='1657468075111'>
    <name>The CLICKDOC Website: As a user, I can search for any doctor</name>
    <title>The CLICKDOC Website: As a user, I can search for any doctor</title>
    <test-cases>
        <test-case start='1657468075083' status='passed' stop='1657468075086'>
            <name></name>
            <title></title>
            <labels>
                <label name='language' value='javascript'/>
                <label name='framework' value='wdio'/>
                <label name='thread' value='0-0'/>
            </labels>
            <parameters>
                <parameter kind='argument' name='browser' value='chrome-103.0.5060.114'/>
            </parameters>
            <steps/>
            <attachments/>
        </test-case>
        <test-case start='1657468075086' status='broken' stop='1657468075104'>
            <name>Given I am on the home page</name>
            <title>Given I am on the home page</title>
            <labels>
                <label name='language' value='javascript'/>
                <label name='framework' value='wdio'/>
                <label name='thread' value='0-0'/>
            </labels>
            <parameters>
                <parameter kind='argument' name='browser' value='chrome-103.0.5060.114'/>
            </parameters>
            <steps/>
            <attachments/>
            <failure>
                <message>TypeError: Cannot read properties of undefined (reading 'open')</message>
                <stack-trace>TypeError: Cannot read properties of undefined (reading 'open')
                    at World.&lt;anonymous> (C:\Users\Sadhguna\Desktop\WebdriverioCucumberTS\features\step-definitions\steps.ts:11:23)
                    at World.executeAsync (C:\Users\Sadhguna\Desktop\WebdriverioCucumberTS\node_modules\@wdio\utils\build\shim.js:333:27)
                    at World.testFrameworkFnWrapper (C:\Users\Sadhguna\Desktop\WebdriverioCucumberTS\node_modules\@wdio\utils\build\test-framework\testFnWrapper.js:51:32)
                    at processTicksAndRejections (node:internal/process/task_queues:96:5)
                    at async wrapPromiseWithTimeout (C:\Users\Sadhguna\Desktop\WebdriverioCucumberTS\node_modules\@cucumber\cucumber\src\time.ts:56:10)
                    at async Object.run (C:\Users\Sadhguna\Desktop\WebdriverioCucumberTS\node_modules\@cucumber\cucumber\src\user_code_runner.ts:86:16)
                    at async Object.run (C:\Users\Sadhguna\Desktop\WebdriverioCucumberTS\node_modules\@cucumber\cucumber\src\runtime\step_runner.ts:50:20)
                    at async TestCaseRunner.invokeStep (C:\Users\Sadhguna\Desktop\WebdriverioCucumberTS\node_modules\@cucumber\cucumber\src\runtime\test_case_runner.ts:130:12)
                    at async TestCaseRunner.runStep (C:\Users\Sadhguna\Desktop\WebdriverioCucumberTS\node_modules\@cucumber\cucumber\src\runtime\test_case_runner.ts:312:20)
                    at async C:\Users\Sadhguna\Desktop\WebdriverioCucumberTS\node_modules\@cucumber\cucumber\src\runtime\test_case_runner.ts:214:36</stack-trace>
            </failure>
        </test-case>
        <test-case start='1657468075104' status='broken' stop='1657468075105'>
            <name>When I search with Peter Test on doctors search button</name>
            <title>When I search with Peter Test on doctors search button</title>
            <labels>
                <label name='language' value='javascript'/>
                <label name='framework' value='wdio'/>
                <label name='thread' value='0-0'/>
            </labels>
            <parameters>
                <parameter kind='argument' name='browser' value='chrome-103.0.5060.114'/>
            </parameters>
            <steps/>
            <attachments/>
            <failure>
                <message>Step "I search with Peter Test on doctors search button" is not defined. You can ignore this error by setting cucumberOpts.ignoreUndefinedDefinitions as true.</message>
                <stack-trace>Step "I search with Peter Test on doctors search button" is not defined. You can ignore this error by setting cucumberOpts.ignoreUndefinedDefinitions as true.
                	at Feature(C:\Users\Sadhguna\Desktop\WebdriverioCucumberTS\features\search.feature):1:1
                	at Scenario(As a user, I can search for any doctor):3:5
                	at Step(I search with &lt;search term> on doctors search button):6:9
                </stack-trace>
            </failure>
        </test-case>
        <test-case start='1657468075106' status='broken' stop='1657468075107'>
            <name>Then I should see two results Dr.Peter Test, Dr.Peter Test ABD</name>
            <title>Then I should see two results Dr.Peter Test, Dr.Peter Test ABD</title>
            <labels>
                <label name='language' value='javascript'/>
                <label name='framework' value='wdio'/>
                <label name='thread' value='0-0'/>
            </labels>
            <parameters>
                <parameter kind='argument' name='browser' value='chrome-103.0.5060.114'/>
            </parameters>
            <steps/>
            <attachments/>
            <failure>
                <message>Step "I should see two results Dr.Peter Test, Dr.Peter Test ABD" is not defined. You can ignore this error by setting cucumberOpts.ignoreUndefinedDefinitions as true.</message>
                <stack-trace>Step "I should see two results Dr.Peter Test, Dr.Peter Test ABD" is not defined. You can ignore this error by setting cucumberOpts.ignoreUndefinedDefinitions as true.
                	at Feature(C:\Users\Sadhguna\Desktop\WebdriverioCucumberTS\features\search.feature):1:1
                	at Scenario(As a user, I can search for any doctor):3:5
                	at Step(I should see two results &lt;results>):7:9
                </stack-trace>
            </failure>
        </test-case>
        <test-case start='1657468075108' status='passed' stop='1657468075109'>
            <name></name>
            <title></title>
            <labels>
                <label name='language' value='javascript'/>
                <label name='framework' value='wdio'/>
                <label name='thread' value='0-0'/>
            </labels>
            <parameters>
                <parameter kind='argument' name='browser' value='chrome-103.0.5060.114'/>
            </parameters>
            <steps/>
            <attachments/>
        </test-case>
    </test-cases>
</ns2:test-suite>