<?xml version='1.0'?>
<ns2:test-suite xmlns:ns2='urn:model.allure.qatools.yandex.ru' start='1657548826343' stop='1657548826355'>
    <name>The CLICKDOC Website: As a user, I can search for any doctor</name>
    <title>The CLICKDOC Website: As a user, I can search for any doctor</title>
    <test-cases>
        <test-case start='1657548826345' status='passed' stop='1657548826347'>
            <name></name>
            <title></title>
            <labels>
                <label name='language' value='javascript'/>
                <label name='framework' value='wdio'/>
                <label name='thread' value='0-0'/>
            </labels>
            <parameters>
                <parameter kind='argument' name='browser' value='chrome-103.0.5060.114'/>
            </parameters>
            <steps/>
            <attachments/>
        </test-case>
        <test-case start='1657548826348' status='broken' stop='1657548826350'>
            <name>Given I open the browser and load the url https://demo.clickdoc.de/cd-de/</name>
            <title>Given I open the browser and load the url https://demo.clickdoc.de/cd-de/</title>
            <labels>
                <label name='language' value='javascript'/>
                <label name='framework' value='wdio'/>
                <label name='thread' value='0-0'/>
            </labels>
            <parameters>
                <parameter kind='argument' name='browser' value='chrome-103.0.5060.114'/>
            </parameters>
            <steps/>
            <attachments/>
            <failure>
                <message>Step "I open the browser and load the url https://demo.clickdoc.de/cd-de/" is not defined. You can ignore this error by setting cucumberOpts.ignoreUndefinedDefinitions as true.</message>
                <stack-trace>Step "I open the browser and load the url https://demo.clickdoc.de/cd-de/" is not defined. You can ignore this error by setting cucumberOpts.ignoreUndefinedDefinitions as true.
                	at Feature(C:\Users\Sadhguna\Desktop\WebdriverioCucumberTS\features\search.feature):1:1
                	at Scenario(As a user, I can search for any doctor):3:5
                	at Step(I open the browser and load the url &lt;homepageurl>):5:9
                </stack-trace>
            </failure>
        </test-case>
        <test-case start='1657548826350' status='broken' stop='1657548826351'>
            <name>When I search with Peter Test on doctors search button</name>
            <title>When I search with Peter Test on doctors search button</title>
            <labels>
                <label name='language' value='javascript'/>
                <label name='framework' value='wdio'/>
                <label name='thread' value='0-0'/>
            </labels>
            <parameters>
                <parameter kind='argument' name='browser' value='chrome-103.0.5060.114'/>
            </parameters>
            <steps/>
            <attachments/>
            <failure>
                <message>Step "I search with Peter Test on doctors search button" is not defined. You can ignore this error by setting cucumberOpts.ignoreUndefinedDefinitions as true.</message>
                <stack-trace>Step "I search with Peter Test on doctors search button" is not defined. You can ignore this error by setting cucumberOpts.ignoreUndefinedDefinitions as true.
                	at Feature(C:\Users\Sadhguna\Desktop\WebdriverioCucumberTS\features\search.feature):1:1
                	at Scenario(As a user, I can search for any doctor):3:5
                	at Step(I search with &lt;search term> on doctors search button):6:9
                </stack-trace>
            </failure>
        </test-case>
        <test-case start='1657548826351' status='broken' stop='1657548826352'>
            <name>Then I should see two results Dr.Peter Test, Dr.Peter Test ABD</name>
            <title>Then I should see two results Dr.Peter Test, Dr.Peter Test ABD</title>
            <labels>
                <label name='language' value='javascript'/>
                <label name='framework' value='wdio'/>
                <label name='thread' value='0-0'/>
            </labels>
            <parameters>
                <parameter kind='argument' name='browser' value='chrome-103.0.5060.114'/>
            </parameters>
            <steps/>
            <attachments/>
            <failure>
                <message>Step "I should see two results Dr.Peter Test, Dr.Peter Test ABD" is not defined. You can ignore this error by setting cucumberOpts.ignoreUndefinedDefinitions as true.</message>
                <stack-trace>Step "I should see two results Dr.Peter Test, Dr.Peter Test ABD" is not defined. You can ignore this error by setting cucumberOpts.ignoreUndefinedDefinitions as true.
                	at Feature(C:\Users\Sadhguna\Desktop\WebdriverioCucumberTS\features\search.feature):1:1
                	at Scenario(As a user, I can search for any doctor):3:5
                	at Step(I should see two results &lt;results>):7:9
                </stack-trace>
            </failure>
        </test-case>
        <test-case start='1657548826352' status='passed' stop='1657548826354'>
            <name></name>
            <title></title>
            <labels>
                <label name='language' value='javascript'/>
                <label name='framework' value='wdio'/>
                <label name='thread' value='0-0'/>
            </labels>
            <parameters>
                <parameter kind='argument' name='browser' value='chrome-103.0.5060.114'/>
            </parameters>
            <steps/>
            <attachments/>
        </test-case>
    </test-cases>
</ns2:test-suite>